[     311ms] [INFO] %cDownload the React DevTools for a better development experience: https://react.dev/link/react-devtools font-weight:bold @ http://localhost:3000/_next/static/chunks/node_modules_next_dist_115brz8._.js:2431
[     386ms] [LOG] [HMR] connected @ http://localhost:3000/_next/static/chunks/node_modules_next_dist_115brz8._.js:2431
[     526ms] [ERROR] A tree hydrated but some attributes of the server rendered HTML didn't match the client properties. This won't be patched up. This can happen if a SSR-ed Client Component used:

- A server/client branch `if (typeof window !== 'undefined')`.
- Variable input such as `Date.now()` or `Math.random()` which changes each time it's called.
- Date formatting in a user's locale which doesn't match the server.
- External changing data without sending a snapshot of it along with the HTML.
- Invalid HTML tag nesting.

It can also happen if the client has a browser extension installed which messes with the HTML before React loaded.

%s%s https://react.dev/link/hydration-mismatch 

  ...
    <InnerLayoutRouter url="/" tree={[...]} params={{}} cacheNode={{rsc:{...}, ...}} segmentPath={[...]} ...>
      <SegmentViewNode type="page" pagePath="page.tsx">
        <SegmentTrieNode>
        <Home>
          <Dashboard initialData={{meta:{...}, ...}}>
            <div>
            <header>
            <SimulationControls>
            <StatsBar>
            <main className="dashboard-...">
              <GlassPanel>
              <GlassPanel>
              <GlassPanel>
              <GlassPanel>
              <GlassPanel>
              <GlassPanel title="Polar Patt..." index="06" delay={0.6}>
                <motion.div initial={{opacity:0,y:30, ...}} animate={{opacity:1,y:0,scale:1}} ...>
                  <div className={"glass-pa..."} style={{opacity:0, ...}} ref={function useMotionRef.useCallback}>
                    <div>
                    <div className="panel-content">
                      <PolarPattern data={[...]}>
                        <div className="chart-cont...">
                          <div>
                          <svg viewBox="0 0 320 320" width="100%" height={250} style={{maxWidth:320}}>
                            <g>
                            <g stroke="#e2e2e2">
                              <line>
                              <line>
                              <line>
                              <line>
                              <line>
                              <line>
                              <line>
                              <line>
                              <line>
                              <line>
                              <line>
                              <line
                                x1={160}
                                y1={160}
                                x2={94.99999999999994}
+                               y2={47.416697508023006}
-                               y2="47.41669750802299"
                              >
                            ...
                          ...
              ...
      ...
 @ http://localhost:3000/_next/static/chunks/node_modules_next_dist_115brz8._.js:3272
[    1586ms] [WARNING] THREE.THREE.Clock: This module has been deprecated. Please use THREE.Timer instead. @ http://localhost:3000/_next/static/chunks/node_modules_next_dist_115brz8._.js:2431
[    1623ms] [WARNING] THREE.THREE.Clock: This module has been deprecated. Please use THREE.Timer instead. @ http://localhost:3000/_next/static/chunks/node_modules_next_dist_115brz8._.js:2431
